-------------------------------------------------------------------------------
Test set: com.gamematcher.service.valorant.ValorantStatsToPromptFormatterTest$FormatSummaryTest
-------------------------------------------------------------------------------
Tests run: 5, Failures: 2, Errors: 0, Skipped: 0, Time elapsed: 0.038 s <<< FAILURE! -- in com.gamematcher.service.valorant.ValorantStatsToPromptFormatterTest$FormatSummaryTest
com.gamematcher.service.valorant.ValorantStatsToPromptFormatterTest$FormatSummaryTest.formatSummary_withRoundStats_outputsRoundLines -- Time elapsed: 0.023 s <<< FAILURE!
java.lang.AssertionError: 

Expecting actual:
  "[매치 요약]
플레이어: P#t | 팀: - | 에이전트: -
결과: 패배 | 스코어: 0-2 (2라운드)
승리기여도 점수: 93

KDA: 1/1/0 (KD 0.00)
KAST: 0% | ADR: 0 | 평균피해격차: 0
헤드샷율: 0% | first kill: 0회 | First Death: 0회
멀티킬: 0

[라운드별] (FK=첫킬 FD=첫데스 T=트레이드)
R0: 패배 킬1 데스1 딜159 승리기여도97
R1: 패배 킬0 데스1 딜0 승리기여도90
"
to contain:
  "R0: 패배 킬1 데스1 딜159 기여도97" 
	at com.gamematcher.service.valorant.ValorantStatsToPromptFormatterTest$FormatSummaryTest.formatSummary_withRoundStats_outputsRoundLines(ValorantStatsToPromptFormatterTest.java:330)
	at java.base/java.lang.reflect.Method.invoke(Method.java:580)
	at java.base/java.util.ArrayList.forEach(ArrayList.java:1596)
	at java.base/java.util.ArrayList.forEach(ArrayList.java:1596)
	at java.base/java.util.ArrayList.forEach(ArrayList.java:1596)

com.gamematcher.service.valorant.ValorantStatsToPromptFormatterTest$FormatSummaryTest.formatSummary_matchStatsOnly_outputsMatchBlock -- Time elapsed: 0.002 s <<< FAILURE!
java.lang.AssertionError: 

Expecting actual:
  "[매치 요약]
플레이어: theDoctorr#0000 | 팀: Red | 에이전트: Chamber
결과: 패배 | 스코어: 10-13 (23라운드)
승리기여도 점수: 102

KDA: 8/17/4 (KD 0.47)
KAST: 70% | ADR: 81 | 평균피해격차: -46
헤드샷율: 22% | first kill: 1회 | First Death: 4회
멀티킬: 1 (더블킬 1회)
"
to contain:
  "First Blood: 1회" 
	at com.gamematcher.service.valorant.ValorantStatsToPromptFormatterTest$FormatSummaryTest.formatSummary_matchStatsOnly_outputsMatchBlock(ValorantStatsToPromptFormatterTest.java:282)
	at java.base/java.lang.reflect.Method.invoke(Method.java:580)
	at java.base/java.util.ArrayList.forEach(ArrayList.java:1596)
	at java.base/java.util.ArrayList.forEach(ArrayList.java:1596)
	at java.base/java.util.ArrayList.forEach(ArrayList.java:1596)

