-------------------------------------------------------------------------------
Test set: com.gamematcher.mapper.ValorantMatchMapperTest$ToDtoTest
-------------------------------------------------------------------------------
Tests run: 2, Failures: 1, Errors: 0, Skipped: 0, Time elapsed: 0.485 s <<< FAILURE! -- in com.gamematcher.mapper.ValorantMatchMapperTest$ToDtoTest
com.gamematcher.mapper.ValorantMatchMapperTest$ToDtoTest.toDto_validEntity_convertsToDto -- Time elapsed: 0.260 s <<< FAILURE!
org.opentest4j.AssertionFailedError: 

expected: "8ccac288-a70f-40f0-bc7e-89069c750aa3"
 but was: "d8d224b9-b56e-4be2-b235-d996fbe22bcf"
	at java.base/jdk.internal.reflect.DirectConstructorHandleAccessor.newInstance(DirectConstructorHandleAccessor.java:62)
	at java.base/java.lang.reflect.Constructor.newInstanceWithCaller(Constructor.java:502)
	at com.gamematcher.mapper.ValorantMatchMapperTest$ToDtoTest.toDto_validEntity_convertsToDto(ValorantMatchMapperTest.java:115)
	at java.base/java.lang.reflect.Method.invoke(Method.java:580)
	at java.base/java.util.ArrayList.forEach(ArrayList.java:1596)
	at java.base/java.util.ArrayList.forEach(ArrayList.java:1596)
	at java.base/java.util.ArrayList.forEach(ArrayList.java:1596)

