-------------------------------------------------------------------------------
Test set: com.gamematcher.Phase2DomainCrudTest
-------------------------------------------------------------------------------
Tests run: 7, Failures: 0, Errors: 1, Skipped: 0, Time elapsed: 0.921 s <<< FAILURE! -- in com.gamematcher.Phase2DomainCrudTest
com.gamematcher.Phase2DomainCrudTest.participantWithRawStatsAndConverter -- Time elapsed: 0.150 s <<< ERROR!
java.lang.IllegalArgumentException: rawStats JSON 파싱 실패: {"game":"VALORANT","kills":20,"deaths":5,"assists":10,"result":"VICTORY","roundsWon":13,"roundsPlayed":24,"headshots":8,"totalShots":40}
	at com.gamematcher.dto.ai.evaluation.StatsConverter.toDto(StatsConverter.java:43)
	at com.gamematcher.Phase2DomainCrudTest.participantWithRawStatsAndConverter(Phase2DomainCrudTest.java:98)
	at java.base/java.lang.reflect.Method.invoke(Method.java:580)
	at java.base/java.util.ArrayList.forEach(ArrayList.java:1596)
	at java.base/java.util.ArrayList.forEach(ArrayList.java:1596)
Caused by: com.fasterxml.jackson.databind.exc.UnrecognizedPropertyException: Unrecognized field "headshots" (class com.gamematcher.dto.ai.evaluation.ValorantMatchStatsDTO), not marked as ignorable (29 known properties: "pentaKill", "firstBloods", "legShots", "firstDeaths", "overKill", "kills", "roundsPlayed", "kd", "tripleKill", "result", "legShotRate", "assists", "adr", "roundsWon", "game", "quadraKill", "bodyShots", "headShots", "noDamageAssists", "bodyShotRate", "avgDamageDifference", "deaths", "doubleKill", "damagedAssists", "matchAverageContributionScore", "kast", "headShotRate", "totalShots", "multiKill"])
 at [Source: (String)"{"game":"VALORANT","kills":20,"deaths":5,"assists":10,"result":"VICTORY","roundsWon":13,"roundsPlayed":24,"headshots":8,"totalShots":40}"; line: 1, column: 120] (through reference chain: com.gamematcher.dto.ai.evaluation.ValorantMatchStatsDTO["headshots"])
	at com.fasterxml.jackson.databind.exc.UnrecognizedPropertyException.from(UnrecognizedPropertyException.java:61)
	at com.fasterxml.jackson.databind.DeserializationContext.handleUnknownProperty(DeserializationContext.java:1138)
	at com.fasterxml.jackson.databind.deser.std.StdDeserializer.handleUnknownProperty(StdDeserializer.java:2224)
	at com.fasterxml.jackson.databind.deser.BeanDeserializerBase.handleUnknownProperty(BeanDeserializerBase.java:1709)
	at com.fasterxml.jackson.databind.deser.BeanDeserializerBase.handleUnknownVanilla(BeanDeserializerBase.java:1687)
	at com.fasterxml.jackson.databind.deser.BeanDeserializer.vanillaDeserialize(BeanDeserializer.java:320)
	at com.fasterxml.jackson.databind.deser.BeanDeserializer._deserializeOther(BeanDeserializer.java:215)
	at com.fasterxml.jackson.databind.deser.BeanDeserializer.deserialize(BeanDeserializer.java:187)
	at com.fasterxml.jackson.databind.jsontype.impl.AsPropertyTypeDeserializer._deserializeTypedForId(AsPropertyTypeDeserializer.java:170)
	at com.fasterxml.jackson.databind.jsontype.impl.AsPropertyTypeDeserializer.deserializeTypedFromObject(AsPropertyTypeDeserializer.java:136)
	at com.fasterxml.jackson.databind.deser.AbstractDeserializer.deserializeWithType(AbstractDeserializer.java:263)
	at com.fasterxml.jackson.databind.deser.impl.TypeWrappedDeserializer.deserialize(TypeWrappedDeserializer.java:74)
	at com.fasterxml.jackson.databind.deser.DefaultDeserializationContext.readRootValue(DefaultDeserializationContext.java:323)
	at com.fasterxml.jackson.databind.ObjectMapper._readMapAndClose(ObjectMapper.java:4825)
	at com.fasterxml.jackson.databind.ObjectMapper.readValue(ObjectMapper.java:3772)
	at com.fasterxml.jackson.databind.ObjectMapper.readValue(ObjectMapper.java:3740)
	at com.gamematcher.dto.ai.evaluation.StatsConverter.toDto(StatsConverter.java:37)
	... 4 more

