-------------------------------------------------------------------------------
Test set: com.gamematcher.service.pubg.PubgAiEvaluationFlowTest
-------------------------------------------------------------------------------
Tests run: 2, Failures: 1, Errors: 0, Skipped: 0, Time elapsed: 35.54 s <<< FAILURE! -- in com.gamematcher.service.pubg.PubgAiEvaluationFlowTest
com.gamematcher.service.pubg.PubgAiEvaluationFlowTest.evaluateAndSave_storesLlmResponseToDb -- Time elapsed: 2.272 s <<< FAILURE!
org.opentest4j.AssertionFailedError: 

expected: "테스트 AI 요약"
 but was: null
	at java.base/jdk.internal.reflect.DirectConstructorHandleAccessor.newInstance(DirectConstructorHandleAccessor.java:62)
	at java.base/java.lang.reflect.Constructor.newInstanceWithCaller(Constructor.java:502)
	at com.gamematcher.service.pubg.PubgAiEvaluationFlowTest.evaluateAndSave_storesLlmResponseToDb(PubgAiEvaluationFlowTest.java:106)
	at java.base/java.lang.reflect.Method.invoke(Method.java:580)
	at java.base/java.util.ArrayList.forEach(ArrayList.java:1596)
	at java.base/java.util.ArrayList.forEach(ArrayList.java:1596)

