<?xml version="1.0" encoding="UTF-8"?>
<testsuite xmlns:xsi="http://www.w3.org/2001/XMLSchema-instance" xsi:noNamespaceSchemaLocation="https://maven.apache.org/surefire/maven-surefire-plugin/xsd/surefire-test-report-3.0.xsd" version="3.0" name="com.gamematcher.service.lol.LolApiPersistenceFlowTest" time="5.034" tests="6" errors="0" skipped="0" failures="0">
  <properties>
[...]
</properties>
  <testcase name="saveAccountAndProfile" classname="com.gamematcher.service.lol.LolApiPersistenceFlowTest" time="0.045">
    <system-out><![CDATA[2026-03-17T18:22:33.979+09:00  INFO 23472 --- [gamematcher] [           main] t.c.s.AnnotationConfigContextLoaderUtils : Could not detect default configuration classes for test class [com.gamematcher.service.lol.LolApiPersistenceFlowTest]: LolApiPersistenceFlowTest does not declare any static, non-private, non-final, nested classes annotated with @Configuration.
2026-03-17T18:22:34.008+09:00  INFO 23472 --- [gamematcher] [           main] .b.t.c.SpringBootTestContextBootstrapper : Found @SpringBootConfiguration com.gamematcher.GameMatcherApplication for test class com.gamematcher.service.lol.LolApiPersistenceFlowTest
2026-03-17T18:22:34.016+09:00  INFO 23472 --- [gamematcher] [           main] o.s.b.d.r.RestartApplicationListener     : Restart disabled due to context in which it is running

  .   ____          _            __ _ _
 /\\ / ___'_ __ _ _(_)_ __  __ _ \ \ \ \
( ( )\___ | '_ | '_| | '_ \/ _` | \ \ \ \
 \\/  ___)| |_)| | | | | || (_| |  ) ) ) )
  '  |____| .__|_| |_|_| |_\__, | / / / /
 =========|_|==============|___/=/_/_/_/
 :: Spring Boot ::                (v3.2.0)

2026-03-17T18:22:34.051+09:00  INFO 23472 --- [gamematcher] [           main] c.g.s.lol.LolApiPersistenceFlowTest      : Starting LolApiPersistenceFlowTest using Java 21.0.9 with PID 23472 (started by TJ-BU-702-P23 in D:\GameMatcher)
2026-03-17T18:22:34.052+09:00  INFO 23472 --- [gamematcher] [           main] c.g.s.lol.LolApiPersistenceFlowTest      : No active profile set, falling back to 1 default profile: "default"
2026-03-17T18:22:34.467+09:00  INFO 23472 --- [gamematcher] [           main] .s.d.r.c.RepositoryConfigurationDelegate : Bootstrapping Spring Data JPA repositories in DEFAULT mode.
2026-03-17T18:22:34.590+09:00  INFO 23472 --- [gamematcher] [           main] .s.d.r.c.RepositoryConfigurationDelegate : Finished Spring Data repository scanning in 122 ms. Found 36 JPA repository interfaces.
2026-03-17T18:22:34.810+09:00  INFO 23472 --- [gamematcher] [           main] o.hibernate.jpa.internal.util.LogHelper  : HHH000204: Processing PersistenceUnitInfo [name: default]
2026-03-17T18:22:34.814+09:00  INFO 23472 --- [gamematcher] [           main] o.h.c.internal.RegionFactoryInitiator    : HHH000026: Second-level cache disabled
2026-03-17T18:22:34.822+09:00  INFO 23472 --- [gamematcher] [           main] o.s.o.j.p.SpringPersistenceUnitInfo      : No LoadTimeWeaver setup: ignoring JPA class transformer
2026-03-17T18:22:34.823+09:00  INFO 23472 --- [gamematcher] [           main] com.zaxxer.hikari.HikariDataSource       : HikariPool-2 - Starting...
2026-03-17T18:22:34.845+09:00  INFO 23472 --- [gamematcher] [           main] com.zaxxer.hikari.pool.HikariPool        : HikariPool-2 - Added connection com.mysql.cj.jdbc.ConnectionImpl@435210b3
2026-03-17T18:22:34.845+09:00  INFO 23472 --- [gamematcher] [           main] com.zaxxer.hikari.HikariDataSource       : HikariPool-2 - Start completed.
2026-03-17T18:22:35.725+09:00  INFO 23472 --- [gamematcher] [           main] o.h.e.t.j.p.i.JtaPlatformInitiator       : HHH000489: No JTA platform available (set 'hibernate.transaction.jta.platform' to enable JTA platform integration)
Hibernate: 
    create table pubg_match (
        id bigint not null auto_increment,
        created_at varchar(50),
        duration integer,
        game_mode varchar(50),
        is_custom_match bit,
        map_name varchar(50),
        match_id varchar(100) not null,
        match_type varchar(20),
        season_state varchar(20),
        shard_id varchar(20),
        title_id varchar(50),
        primary key (id)
    ) engine=InnoDB
Hibernate: 
    create table pubg_match_participant (
        id bigint not null auto_increment,
        assists integer,
        boosts integer,
        damage_dealt float(53),
        dbnos integer,
        death_type varchar(20),
        headshot_kills integer,
        heals integer,
        kill_place integer,
        kill_streaks integer,
        kills integer,
        longest_kill float(53),
        name varchar(50),
        participant_id varchar(64) not null,
        player_id varchar(80) not null,
        revives integer,
        ride_distance float(53),
        road_kills integer,
        swim_distance float(53),
        team_kills integer,
        time_survived integer,
        vehicle_destroys integer,
        walk_distance float(53),
        weapons_acquired integer,
        win bit not null,
        win_place integer,
        match_id bigint not null,
        primary key (id)
    ) engine=InnoDB
Hibernate: 
    alter table pubg_match 
       drop index UKe5fcbh6wj5i88l3trx2nff3y8
Hibernate: 
    alter table pubg_match 
       add constraint UKe5fcbh6wj5i88l3trx2nff3y8 unique (match_id)
Hibernate: 
    alter table pubg_match_participant 
       drop index UKpljfx07w6gecb6jvjhorj6xl
Hibernate: 
    alter table pubg_match_participant 
       add constraint UKpljfx07w6gecb6jvjhorj6xl unique (match_id, participant_id)
Hibernate: 
    alter table pubg_match_participant 
       add constraint FK54hnyj28xeyteyx6yf93tnnj6 
       foreign key (match_id) 
       references pubg_match (id)
2026-03-17T18:22:37.096+09:00  INFO 23472 --- [gamematcher] [           main] j.LocalContainerEntityManagerFactoryBean : Initialized JPA EntityManagerFactory for persistence unit 'default'
2026-03-17T18:22:38.087+09:00  WARN 23472 --- [gamematcher] [           main] JpaBaseConfiguration$JpaWebConfiguration : spring.jpa.open-in-view is enabled by default. Therefore, database queries may be performed during view rendering. Explicitly configure spring.jpa.open-in-view to disable this warning
2026-03-17T18:22:38.096+09:00  INFO 23472 --- [gamematcher] [           main] o.s.b.a.w.s.WelcomePageHandlerMapping    : Adding welcome page: class path resource [static/index.html]
2026-03-17T18:22:38.240+09:00  INFO 23472 --- [gamematcher] [           main] o.s.b.a.h2.H2ConsoleAutoConfiguration    : H2 console available at '/h2-console'. Database available at 'jdbc:mysql://localhost:3306/gamematcher?serverTimezone=Asia/Seoul&characterEncoding=UTF-8'
2026-03-17T18:22:38.266+09:00  INFO 23472 --- [gamematcher] [           main] c.g.s.lol.LolApiPersistenceFlowTest      : Started LolApiPersistenceFlowTest in 4.25 seconds (process running for 34.08)
Hibernate: 
    select
        count(*) 
    from
        games g1_0
Hibernate: 
    select
        la1_0.id,
        la1_0.created_at,
        la1_0.game_name,
        la1_0.puuid,
        la1_0.tag_line,
        la1_0.updated_at 
    from
        lol_account la1_0 
    where
        la1_0.puuid=?
Hibernate: 
    insert 
    into
        lol_account
        (created_at, game_name, puuid, tag_line, updated_at) 
    values
        (?, ?, ?, ?, ?)
Hibernate: 
    select
        lsp1_0.id,
        lsp1_0.created_at,
        lsp1_0.profile_icon_id,
        lsp1_0.puuid,
        lsp1_0.revision_date,
        lsp1_0.summoner_level,
        lsp1_0.updated_at 
    from
        lol_summoner_profile lsp1_0 
    where
        lsp1_0.puuid=?
Hibernate: 
    insert 
    into
        lol_summoner_profile
        (created_at, profile_icon_id, puuid, revision_date, summoner_level, updated_at) 
    values
        (?, ?, ?, ?, ?, ?)
]]></system-out>
  </testcase>
  <testcase name="fullPipeline_allSampleJsonToDtoToEntity" classname="com.gamematcher.service.lol.LolApiPersistenceFlowTest" time="0.388">
    <system-out><![CDATA[Hibernate: 
    select
        la1_0.id,
        la1_0.created_at,
        la1_0.game_name,
        la1_0.puuid,
        la1_0.tag_line,
        la1_0.updated_at 
    from
        lol_account la1_0 
    where
        la1_0.puuid=?
Hibernate: 
    insert 
    into
        lol_account
        (created_at, game_name, puuid, tag_line, updated_at) 
    values
        (?, ?, ?, ?, ?)
Hibernate: 
    select
        lsp1_0.id,
        lsp1_0.created_at,
        lsp1_0.profile_icon_id,
        lsp1_0.puuid,
        lsp1_0.revision_date,
        lsp1_0.summoner_level,
        lsp1_0.updated_at 
    from
        lol_summoner_profile lsp1_0 
    where
        lsp1_0.puuid=?
Hibernate: 
    insert 
    into
        lol_summoner_profile
        (created_at, profile_icon_id, puuid, revision_date, summoner_level, updated_at) 
    values
        (?, ?, ?, ?, ?, ?)
Hibernate: 
    select
        lm1_0.id 
    from
        lol_match lm1_0 
    where
        lm1_0.match_id=? 
    limit
        ?
Hibernate: 
    insert 
    into
        lol_match
        (data_version, end_of_game_result, game_creation, game_duration, game_end_timestamp, game_id, game_mode, game_name, game_start_timestamp, game_type, game_version, map_id, match_id, platform_id, queue_id, tournament_code) 
    values
        (?, ?, ?, ?, ?, ?, ?, ?, ?, ?, ?, ?, ?, ?, ?, ?)
Hibernate: 
    insert 
    into
        lol_match_participant
        (assists, champ_level, champion_id, champion_name, deaths, gold_earned, gold_spent, individual_position, item0, item1, item2, item3, item4, item5, item6, kills, match_id, neutral_minions_killed, participant_id, puuid, riot_id_game_name, riot_id_tagline, summoner1_id, summoner2_id, summoner_id, team_id, team_position, total_damage_dealt_to_champions, total_damage_taken, total_minions_killed, vision_score, win) 
    values
        (?, ?, ?, ?, ?, ?, ?, ?, ?, ?, ?, ?, ?, ?, ?, ?, ?, ?, ?, ?, ?, ?, ?, ?, ?, ?, ?, ?, ?, ?, ?, ?)
Hibernate: 
    insert 
    into
        lol_match_participant
        (assists, champ_level, champion_id, champion_name, deaths, gold_earned, gold_spent, individual_position, item0, item1, item2, item3, item4, item5, item6, kills, match_id, neutral_minions_killed, participant_id, puuid, riot_id_game_name, riot_id_tagline, summoner1_id, summoner2_id, summoner_id, team_id, team_position, total_damage_dealt_to_champions, total_damage_taken, total_minions_killed, vision_score, win) 
    values
        (?, ?, ?, ?, ?, ?, ?, ?, ?, ?, ?, ?, ?, ?, ?, ?, ?, ?, ?, ?, ?, ?, ?, ?, ?, ?, ?, ?, ?, ?, ?, ?)
Hibernate: 
    insert 
    into
        lol_match_participant
        (assists, champ_level, champion_id, champion_name, deaths, gold_earned, gold_spent, individual_position, item0, item1, item2, item3, item4, item5, item6, kills, match_id, neutral_minions_killed, participant_id, puuid, riot_id_game_name, riot_id_tagline, summoner1_id, summoner2_id, summoner_id, team_id, team_position, total_damage_dealt_to_champions, total_damage_taken, total_minions_killed, vision_score, win) 
    values
        (?, ?, ?, ?, ?, ?, ?, ?, ?, ?, ?, ?, ?, ?, ?, ?, ?, ?, ?, ?, ?, ?, ?, ?, ?, ?, ?, ?, ?, ?, ?, ?)
Hibernate: 
    insert 
    into
        lol_match_participant
        (assists, champ_level, champion_id, champion_name, deaths, gold_earned, gold_spent, individual_position, item0, item1, item2, item3, item4, item5, item6, kills, match_id, neutral_minions_killed, participant_id, puuid, riot_id_game_name, riot_id_tagline, summoner1_id, summoner2_id, summoner_id, team_id, team_position, total_damage_dealt_to_champions, total_damage_taken, total_minions_killed, vision_score, win) 
    values
        (?, ?, ?, ?, ?, ?, ?, ?, ?, ?, ?, ?, ?, ?, ?, ?, ?, ?, ?, ?, ?, ?, ?, ?, ?, ?, ?, ?, ?, ?, ?, ?)
Hibernate: 
    insert 
    into
        lol_match_participant
        (assists, champ_level, champion_id, champion_name, deaths, gold_earned, gold_spent, individual_position, item0, item1, item2, item3, item4, item5, item6, kills, match_id, neutral_minions_killed, participant_id, puuid, riot_id_game_name, riot_id_tagline, summoner1_id, summoner2_id, summoner_id, team_id, team_position, total_damage_dealt_to_champions, total_damage_taken, total_minions_killed, vision_score, win) 
    values
        (?, ?, ?, ?, ?, ?, ?, ?, ?, ?, ?, ?, ?, ?, ?, ?, ?, ?, ?, ?, ?, ?, ?, ?, ?, ?, ?, ?, ?, ?, ?, ?)
Hibernate: 
    insert 
    into
        lol_match_participant
        (assists, champ_level, champion_id, champion_name, deaths, gold_earned, gold_spent, individual_position, item0, item1, item2, item3, item4, item5, item6, kills, match_id, neutral_minions_killed, participant_id, puuid, riot_id_game_name, riot_id_tagline, summoner1_id, summoner2_id, summoner_id, team_id, team_position, total_damage_dealt_to_champions, total_damage_taken, total_minions_killed, vision_score, win) 
    values
        (?, ?, ?, ?, ?, ?, ?, ?, ?, ?, ?, ?, ?, ?, ?, ?, ?, ?, ?, ?, ?, ?, ?, ?, ?, ?, ?, ?, ?, ?, ?, ?)
Hibernate: 
    insert 
    into
        lol_match_participant
        (assists, champ_level, champion_id, champion_name, deaths, gold_earned, gold_spent, individual_position, item0, item1, item2, item3, item4, item5, item6, kills, match_id, neutral_minions_killed, participant_id, puuid, riot_id_game_name, riot_id_tagline, summoner1_id, summoner2_id, summoner_id, team_id, team_position, total_damage_dealt_to_champions, total_damage_taken, total_minions_killed, vision_score, win) 
    values
        (?, ?, ?, ?, ?, ?, ?, ?, ?, ?, ?, ?, ?, ?, ?, ?, ?, ?, ?, ?, ?, ?, ?, ?, ?, ?, ?, ?, ?, ?, ?, ?)
Hibernate: 
    insert 
    into
        lol_match_participant
        (assists, champ_level, champion_id, champion_name, deaths, gold_earned, gold_spent, individual_position, item0, item1, item2, item3, item4, item5, item6, kills, match_id, neutral_minions_killed, participant_id, puuid, riot_id_game_name, riot_id_tagline, summoner1_id, summoner2_id, summoner_id, team_id, team_position, total_damage_dealt_to_champions, total_damage_taken, total_minions_killed, vision_score, win) 
    values
        (?, ?, ?, ?, ?, ?, ?, ?, ?, ?, ?, ?, ?, ?, ?, ?, ?, ?, ?, ?, ?, ?, ?, ?, ?, ?, ?, ?, ?, ?, ?, ?)
Hibernate: 
    insert 
    into
        lol_match_participant
        (assists, champ_level, champion_id, champion_name, deaths, gold_earned, gold_spent, individual_position, item0, item1, item2, item3, item4, item5, item6, kills, match_id, neutral_minions_killed, participant_id, puuid, riot_id_game_name, riot_id_tagline, summoner1_id, summoner2_id, summoner_id, team_id, team_position, total_damage_dealt_to_champions, total_damage_taken, total_minions_killed, vision_score, win) 
    values
        (?, ?, ?, ?, ?, ?, ?, ?, ?, ?, ?, ?, ?, ?, ?, ?, ?, ?, ?, ?, ?, ?, ?, ?, ?, ?, ?, ?, ?, ?, ?, ?)
Hibernate: 
    insert 
    into
        lol_match_participant
        (assists, champ_level, champion_id, champion_name, deaths, gold_earned, gold_spent, individual_position, item0, item1, item2, item3, item4, item5, item6, kills, match_id, neutral_minions_killed, participant_id, puuid, riot_id_game_name, riot_id_tagline, summoner1_id, summoner2_id, summoner_id, team_id, team_position, total_damage_dealt_to_champions, total_damage_taken, total_minions_killed, vision_score, win) 
    values
        (?, ?, ?, ?, ?, ?, ?, ?, ?, ?, ?, ?, ?, ?, ?, ?, ?, ?, ?, ?, ?, ?, ?, ?, ?, ?, ?, ?, ?, ?, ?, ?)
Hibernate: 
    insert 
    into
        lol_match_team
        (bans, match_id, objectives, team_id, win) 
    values
        (?, ?, ?, ?, ?)
Hibernate: 
    insert 
    into
        lol_match_team
        (bans, match_id, objectives, team_id, win) 
    values
        (?, ?, ?, ?, ?)
Hibernate: 
    select
        lm1_0.id 
    from
        lol_match lm1_0 
    where
        lm1_0.match_id=? 
    limit
        ?
Hibernate: 
    select
        lm1_0.id,
        lm1_0.data_version,
        lm1_0.end_of_game_result,
        lm1_0.game_creation,
        lm1_0.game_duration,
        lm1_0.game_end_timestamp,
        lm1_0.game_id,
        lm1_0.game_mode,
        lm1_0.game_name,
        lm1_0.game_start_timestamp,
        lm1_0.game_type,
        lm1_0.game_version,
        lm1_0.map_id,
        lm1_0.match_id,
        lm1_0.platform_id,
        lm1_0.queue_id,
        lm1_0.tournament_code 
    from
        lol_match lm1_0 
    where
        lm1_0.match_id=?
Hibernate: 
    insert 
    into
        lol_match_timeline
        (end_of_game_result, frame_interval, match_id, timeline_info) 
    values
        (?, ?, ?, ?)
]]></system-out>
  </testcase>
  <testcase name="saveMatchWithTimeline_jsonToDtoToEntity" classname="com.gamematcher.service.lol.LolApiPersistenceFlowTest" time="0.15">
    <system-out><![CDATA[Hibernate: 
    select
        lm1_0.id 
    from
        lol_match lm1_0 
    where
        lm1_0.match_id=? 
    limit
        ?
Hibernate: 
    insert 
    into
        lol_match
        (data_version, end_of_game_result, game_creation, game_duration, game_end_timestamp, game_id, game_mode, game_name, game_start_timestamp, game_type, game_version, map_id, match_id, platform_id, queue_id, tournament_code) 
    values
        (?, ?, ?, ?, ?, ?, ?, ?, ?, ?, ?, ?, ?, ?, ?, ?)
Hibernate: 
    insert 
    into
        lol_match_participant
        (assists, champ_level, champion_id, champion_name, deaths, gold_earned, gold_spent, individual_position, item0, item1, item2, item3, item4, item5, item6, kills, match_id, neutral_minions_killed, participant_id, puuid, riot_id_game_name, riot_id_tagline, summoner1_id, summoner2_id, summoner_id, team_id, team_position, total_damage_dealt_to_champions, total_damage_taken, total_minions_killed, vision_score, win) 
    values
        (?, ?, ?, ?, ?, ?, ?, ?, ?, ?, ?, ?, ?, ?, ?, ?, ?, ?, ?, ?, ?, ?, ?, ?, ?, ?, ?, ?, ?, ?, ?, ?)
Hibernate: 
    insert 
    into
        lol_match_participant
        (assists, champ_level, champion_id, champion_name, deaths, gold_earned, gold_spent, individual_position, item0, item1, item2, item3, item4, item5, item6, kills, match_id, neutral_minions_killed, participant_id, puuid, riot_id_game_name, riot_id_tagline, summoner1_id, summoner2_id, summoner_id, team_id, team_position, total_damage_dealt_to_champions, total_damage_taken, total_minions_killed, vision_score, win) 
    values
        (?, ?, ?, ?, ?, ?, ?, ?, ?, ?, ?, ?, ?, ?, ?, ?, ?, ?, ?, ?, ?, ?, ?, ?, ?, ?, ?, ?, ?, ?, ?, ?)
Hibernate: 
    insert 
    into
        lol_match_participant
        (assists, champ_level, champion_id, champion_name, deaths, gold_earned, gold_spent, individual_position, item0, item1, item2, item3, item4, item5, item6, kills, match_id, neutral_minions_killed, participant_id, puuid, riot_id_game_name, riot_id_tagline, summoner1_id, summoner2_id, summoner_id, team_id, team_position, total_damage_dealt_to_champions, total_damage_taken, total_minions_killed, vision_score, win) 
    values
        (?, ?, ?, ?, ?, ?, ?, ?, ?, ?, ?, ?, ?, ?, ?, ?, ?, ?, ?, ?, ?, ?, ?, ?, ?, ?, ?, ?, ?, ?, ?, ?)
Hibernate: 
    insert 
    into
        lol_match_participant
        (assists, champ_level, champion_id, champion_name, deaths, gold_earned, gold_spent, individual_position, item0, item1, item2, item3, item4, item5, item6, kills, match_id, neutral_minions_killed, participant_id, puuid, riot_id_game_name, riot_id_tagline, summoner1_id, summoner2_id, summoner_id, team_id, team_position, total_damage_dealt_to_champions, total_damage_taken, total_minions_killed, vision_score, win) 
    values
        (?, ?, ?, ?, ?, ?, ?, ?, ?, ?, ?, ?, ?, ?, ?, ?, ?, ?, ?, ?, ?, ?, ?, ?, ?, ?, ?, ?, ?, ?, ?, ?)
Hibernate: 
    insert 
    into
        lol_match_participant
        (assists, champ_level, champion_id, champion_name, deaths, gold_earned, gold_spent, individual_position, item0, item1, item2, item3, item4, item5, item6, kills, match_id, neutral_minions_killed, participant_id, puuid, riot_id_game_name, riot_id_tagline, summoner1_id, summoner2_id, summoner_id, team_id, team_position, total_damage_dealt_to_champions, total_damage_taken, total_minions_killed, vision_score, win) 
    values
        (?, ?, ?, ?, ?, ?, ?, ?, ?, ?, ?, ?, ?, ?, ?, ?, ?, ?, ?, ?, ?, ?, ?, ?, ?, ?, ?, ?, ?, ?, ?, ?)
Hibernate: 
    insert 
    into
        lol_match_participant
        (assists, champ_level, champion_id, champion_name, deaths, gold_earned, gold_spent, individual_position, item0, item1, item2, item3, item4, item5, item6, kills, match_id, neutral_minions_killed, participant_id, puuid, riot_id_game_name, riot_id_tagline, summoner1_id, summoner2_id, summoner_id, team_id, team_position, total_damage_dealt_to_champions, total_damage_taken, total_minions_killed, vision_score, win) 
    values
        (?, ?, ?, ?, ?, ?, ?, ?, ?, ?, ?, ?, ?, ?, ?, ?, ?, ?, ?, ?, ?, ?, ?, ?, ?, ?, ?, ?, ?, ?, ?, ?)
Hibernate: 
    insert 
    into
        lol_match_participant
        (assists, champ_level, champion_id, champion_name, deaths, gold_earned, gold_spent, individual_position, item0, item1, item2, item3, item4, item5, item6, kills, match_id, neutral_minions_killed, participant_id, puuid, riot_id_game_name, riot_id_tagline, summoner1_id, summoner2_id, summoner_id, team_id, team_position, total_damage_dealt_to_champions, total_damage_taken, total_minions_killed, vision_score, win) 
    values
        (?, ?, ?, ?, ?, ?, ?, ?, ?, ?, ?, ?, ?, ?, ?, ?, ?, ?, ?, ?, ?, ?, ?, ?, ?, ?, ?, ?, ?, ?, ?, ?)
Hibernate: 
    insert 
    into
        lol_match_participant
        (assists, champ_level, champion_id, champion_name, deaths, gold_earned, gold_spent, individual_position, item0, item1, item2, item3, item4, item5, item6, kills, match_id, neutral_minions_killed, participant_id, puuid, riot_id_game_name, riot_id_tagline, summoner1_id, summoner2_id, summoner_id, team_id, team_position, total_damage_dealt_to_champions, total_damage_taken, total_minions_killed, vision_score, win) 
    values
        (?, ?, ?, ?, ?, ?, ?, ?, ?, ?, ?, ?, ?, ?, ?, ?, ?, ?, ?, ?, ?, ?, ?, ?, ?, ?, ?, ?, ?, ?, ?, ?)
Hibernate: 
    insert 
    into
        lol_match_participant
        (assists, champ_level, champion_id, champion_name, deaths, gold_earned, gold_spent, individual_position, item0, item1, item2, item3, item4, item5, item6, kills, match_id, neutral_minions_killed, participant_id, puuid, riot_id_game_name, riot_id_tagline, summoner1_id, summoner2_id, summoner_id, team_id, team_position, total_damage_dealt_to_champions, total_damage_taken, total_minions_killed, vision_score, win) 
    values
        (?, ?, ?, ?, ?, ?, ?, ?, ?, ?, ?, ?, ?, ?, ?, ?, ?, ?, ?, ?, ?, ?, ?, ?, ?, ?, ?, ?, ?, ?, ?, ?)
Hibernate: 
    insert 
    into
        lol_match_participant
        (assists, champ_level, champion_id, champion_name, deaths, gold_earned, gold_spent, individual_position, item0, item1, item2, item3, item4, item5, item6, kills, match_id, neutral_minions_killed, participant_id, puuid, riot_id_game_name, riot_id_tagline, summoner1_id, summoner2_id, summoner_id, team_id, team_position, total_damage_dealt_to_champions, total_damage_taken, total_minions_killed, vision_score, win) 
    values
        (?, ?, ?, ?, ?, ?, ?, ?, ?, ?, ?, ?, ?, ?, ?, ?, ?, ?, ?, ?, ?, ?, ?, ?, ?, ?, ?, ?, ?, ?, ?, ?)
Hibernate: 
    insert 
    into
        lol_match_team
        (bans, match_id, objectives, team_id, win) 
    values
        (?, ?, ?, ?, ?)
Hibernate: 
    insert 
    into
        lol_match_team
        (bans, match_id, objectives, team_id, win) 
    values
        (?, ?, ?, ?, ?)
Hibernate: 
    insert 
    into
        lol_match_timeline
        (end_of_game_result, frame_interval, match_id, timeline_info) 
    values
        (?, ?, ?, ?)
]]></system-out>
  </testcase>
  <testcase name="saveAccount_fromDto" classname="com.gamematcher.service.lol.LolApiPersistenceFlowTest" time="0.033">
    <system-out><![CDATA[Hibernate: 
    select
        la1_0.id,
        la1_0.created_at,
        la1_0.game_name,
        la1_0.puuid,
        la1_0.tag_line,
        la1_0.updated_at 
    from
        lol_account la1_0 
    where
        la1_0.puuid=?
Hibernate: 
    insert 
    into
        lol_account
        (created_at, game_name, puuid, tag_line, updated_at) 
    values
        (?, ?, ?, ?, ?)
Hibernate: 
    select
        la1_0.id,
        la1_0.created_at,
        la1_0.game_name,
        la1_0.puuid,
        la1_0.tag_line,
        la1_0.updated_at 
    from
        lol_account la1_0 
    where
        la1_0.puuid=?
]]></system-out>
  </testcase>
  <testcase name="saveSummonerProfile_fromDto" classname="com.gamematcher.service.lol.LolApiPersistenceFlowTest" time="0.022">
    <system-out><![CDATA[Hibernate: 
    select
        lsp1_0.id,
        lsp1_0.created_at,
        lsp1_0.profile_icon_id,
        lsp1_0.puuid,
        lsp1_0.revision_date,
        lsp1_0.summoner_level,
        lsp1_0.updated_at 
    from
        lol_summoner_profile lsp1_0 
    where
        lsp1_0.puuid=?
Hibernate: 
    insert 
    into
        lol_summoner_profile
        (created_at, profile_icon_id, puuid, revision_date, summoner_level, updated_at) 
    values
        (?, ?, ?, ?, ?, ?)
Hibernate: 
    select
        lsp1_0.id,
        lsp1_0.created_at,
        lsp1_0.profile_icon_id,
        lsp1_0.puuid,
        lsp1_0.revision_date,
        lsp1_0.summoner_level,
        lsp1_0.updated_at 
    from
        lol_summoner_profile lsp1_0 
    where
        lsp1_0.puuid=?
]]></system-out>
  </testcase>
  <testcase name="saveMatch_fromDto" classname="com.gamematcher.service.lol.LolApiPersistenceFlowTest" time="0.07">
    <system-out><![CDATA[Hibernate: 
    select
        lm1_0.id 
    from
        lol_match lm1_0 
    where
        lm1_0.match_id=? 
    limit
        ?
Hibernate: 
    insert 
    into
        lol_match
        (data_version, end_of_game_result, game_creation, game_duration, game_end_timestamp, game_id, game_mode, game_name, game_start_timestamp, game_type, game_version, map_id, match_id, platform_id, queue_id, tournament_code) 
    values
        (?, ?, ?, ?, ?, ?, ?, ?, ?, ?, ?, ?, ?, ?, ?, ?)
Hibernate: 
    insert 
    into
        lol_match_participant
        (assists, champ_level, champion_id, champion_name, deaths, gold_earned, gold_spent, individual_position, item0, item1, item2, item3, item4, item5, item6, kills, match_id, neutral_minions_killed, participant_id, puuid, riot_id_game_name, riot_id_tagline, summoner1_id, summoner2_id, summoner_id, team_id, team_position, total_damage_dealt_to_champions, total_damage_taken, total_minions_killed, vision_score, win) 
    values
        (?, ?, ?, ?, ?, ?, ?, ?, ?, ?, ?, ?, ?, ?, ?, ?, ?, ?, ?, ?, ?, ?, ?, ?, ?, ?, ?, ?, ?, ?, ?, ?)
Hibernate: 
    insert 
    into
        lol_match_participant
        (assists, champ_level, champion_id, champion_name, deaths, gold_earned, gold_spent, individual_position, item0, item1, item2, item3, item4, item5, item6, kills, match_id, neutral_minions_killed, participant_id, puuid, riot_id_game_name, riot_id_tagline, summoner1_id, summoner2_id, summoner_id, team_id, team_position, total_damage_dealt_to_champions, total_damage_taken, total_minions_killed, vision_score, win) 
    values
        (?, ?, ?, ?, ?, ?, ?, ?, ?, ?, ?, ?, ?, ?, ?, ?, ?, ?, ?, ?, ?, ?, ?, ?, ?, ?, ?, ?, ?, ?, ?, ?)
Hibernate: 
    insert 
    into
        lol_match_participant
        (assists, champ_level, champion_id, champion_name, deaths, gold_earned, gold_spent, individual_position, item0, item1, item2, item3, item4, item5, item6, kills, match_id, neutral_minions_killed, participant_id, puuid, riot_id_game_name, riot_id_tagline, summoner1_id, summoner2_id, summoner_id, team_id, team_position, total_damage_dealt_to_champions, total_damage_taken, total_minions_killed, vision_score, win) 
    values
        (?, ?, ?, ?, ?, ?, ?, ?, ?, ?, ?, ?, ?, ?, ?, ?, ?, ?, ?, ?, ?, ?, ?, ?, ?, ?, ?, ?, ?, ?, ?, ?)
Hibernate: 
    insert 
    into
        lol_match_participant
        (assists, champ_level, champion_id, champion_name, deaths, gold_earned, gold_spent, individual_position, item0, item1, item2, item3, item4, item5, item6, kills, match_id, neutral_minions_killed, participant_id, puuid, riot_id_game_name, riot_id_tagline, summoner1_id, summoner2_id, summoner_id, team_id, team_position, total_damage_dealt_to_champions, total_damage_taken, total_minions_killed, vision_score, win) 
    values
        (?, ?, ?, ?, ?, ?, ?, ?, ?, ?, ?, ?, ?, ?, ?, ?, ?, ?, ?, ?, ?, ?, ?, ?, ?, ?, ?, ?, ?, ?, ?, ?)
Hibernate: 
    insert 
    into
        lol_match_participant
        (assists, champ_level, champion_id, champion_name, deaths, gold_earned, gold_spent, individual_position, item0, item1, item2, item3, item4, item5, item6, kills, match_id, neutral_minions_killed, participant_id, puuid, riot_id_game_name, riot_id_tagline, summoner1_id, summoner2_id, summoner_id, team_id, team_position, total_damage_dealt_to_champions, total_damage_taken, total_minions_killed, vision_score, win) 
    values
        (?, ?, ?, ?, ?, ?, ?, ?, ?, ?, ?, ?, ?, ?, ?, ?, ?, ?, ?, ?, ?, ?, ?, ?, ?, ?, ?, ?, ?, ?, ?, ?)
Hibernate: 
    insert 
    into
        lol_match_participant
        (assists, champ_level, champion_id, champion_name, deaths, gold_earned, gold_spent, individual_position, item0, item1, item2, item3, item4, item5, item6, kills, match_id, neutral_minions_killed, participant_id, puuid, riot_id_game_name, riot_id_tagline, summoner1_id, summoner2_id, summoner_id, team_id, team_position, total_damage_dealt_to_champions, total_damage_taken, total_minions_killed, vision_score, win) 
    values
        (?, ?, ?, ?, ?, ?, ?, ?, ?, ?, ?, ?, ?, ?, ?, ?, ?, ?, ?, ?, ?, ?, ?, ?, ?, ?, ?, ?, ?, ?, ?, ?)
Hibernate: 
    insert 
    into
        lol_match_participant
        (assists, champ_level, champion_id, champion_name, deaths, gold_earned, gold_spent, individual_position, item0, item1, item2, item3, item4, item5, item6, kills, match_id, neutral_minions_killed, participant_id, puuid, riot_id_game_name, riot_id_tagline, summoner1_id, summoner2_id, summoner_id, team_id, team_position, total_damage_dealt_to_champions, total_damage_taken, total_minions_killed, vision_score, win) 
    values
        (?, ?, ?, ?, ?, ?, ?, ?, ?, ?, ?, ?, ?, ?, ?, ?, ?, ?, ?, ?, ?, ?, ?, ?, ?, ?, ?, ?, ?, ?, ?, ?)
Hibernate: 
    insert 
    into
        lol_match_participant
        (assists, champ_level, champion_id, champion_name, deaths, gold_earned, gold_spent, individual_position, item0, item1, item2, item3, item4, item5, item6, kills, match_id, neutral_minions_killed, participant_id, puuid, riot_id_game_name, riot_id_tagline, summoner1_id, summoner2_id, summoner_id, team_id, team_position, total_damage_dealt_to_champions, total_damage_taken, total_minions_killed, vision_score, win) 
    values
        (?, ?, ?, ?, ?, ?, ?, ?, ?, ?, ?, ?, ?, ?, ?, ?, ?, ?, ?, ?, ?, ?, ?, ?, ?, ?, ?, ?, ?, ?, ?, ?)
Hibernate: 
    insert 
    into
        lol_match_participant
        (assists, champ_level, champion_id, champion_name, deaths, gold_earned, gold_spent, individual_position, item0, item1, item2, item3, item4, item5, item6, kills, match_id, neutral_minions_killed, participant_id, puuid, riot_id_game_name, riot_id_tagline, summoner1_id, summoner2_id, summoner_id, team_id, team_position, total_damage_dealt_to_champions, total_damage_taken, total_minions_killed, vision_score, win) 
    values
        (?, ?, ?, ?, ?, ?, ?, ?, ?, ?, ?, ?, ?, ?, ?, ?, ?, ?, ?, ?, ?, ?, ?, ?, ?, ?, ?, ?, ?, ?, ?, ?)
Hibernate: 
    insert 
    into
        lol_match_participant
        (assists, champ_level, champion_id, champion_name, deaths, gold_earned, gold_spent, individual_position, item0, item1, item2, item3, item4, item5, item6, kills, match_id, neutral_minions_killed, participant_id, puuid, riot_id_game_name, riot_id_tagline, summoner1_id, summoner2_id, summoner_id, team_id, team_position, total_damage_dealt_to_champions, total_damage_taken, total_minions_killed, vision_score, win) 
    values
        (?, ?, ?, ?, ?, ?, ?, ?, ?, ?, ?, ?, ?, ?, ?, ?, ?, ?, ?, ?, ?, ?, ?, ?, ?, ?, ?, ?, ?, ?, ?, ?)
Hibernate: 
    insert 
    into
        lol_match_team
        (bans, match_id, objectives, team_id, win) 
    values
        (?, ?, ?, ?, ?)
Hibernate: 
    insert 
    into
        lol_match_team
        (bans, match_id, objectives, team_id, win) 
    values
        (?, ?, ?, ?, ?)
Hibernate: 
    select
        lm1_0.id,
        lm1_0.data_version,
        lm1_0.end_of_game_result,
        lm1_0.game_creation,
        lm1_0.game_duration,
        lm1_0.game_end_timestamp,
        lm1_0.game_id,
        lm1_0.game_mode,
        lm1_0.game_name,
        lm1_0.game_start_timestamp,
        lm1_0.game_type,
        lm1_0.game_version,
        lm1_0.map_id,
        lm1_0.match_id,
        lm1_0.platform_id,
        lm1_0.queue_id,
        lm1_0.tournament_code 
    from
        lol_match lm1_0 
    where
        lm1_0.match_id=?
]]></system-out>
  </testcase>
</testsuite>