<?xml version="1.0" encoding="UTF-8"?>
<testsuite xmlns:xsi="http://www.w3.org/2001/XMLSchema-instance" xsi:noNamespaceSchemaLocation="https://maven.apache.org/surefire/maven-surefire-plugin/xsd/surefire-test-report-3.0.xsd" version="3.0" name="com.gamematcher.service.valorant.ValorantAiEvaluationFlowTest" time="21.574" tests="4" errors="0" skipped="0" failures="0">
  <properties>
[...]
</properties>
  <testcase name="evaluateAndSave_storesLlmResponseToDb" classname="com.gamematcher.service.valorant.ValorantAiEvaluationFlowTest" time="1.665">
    <system-out><![CDATA[18:45:25.286 [main] INFO org.springframework.test.context.support.AnnotationConfigContextLoaderUtils -- Could not detect default configuration classes for test class [com.gamematcher.service.valorant.ValorantAiEvaluationFlowTest]: ValorantAiEvaluationFlowTest does not declare any static, non-private, non-final, nested classes annotated with @Configuration.
18:45:25.541 [main] INFO org.springframework.boot.test.context.SpringBootTestContextBootstrapper -- Found @SpringBootConfiguration com.gamematcher.GameMatcherApplication for test class com.gamematcher.service.valorant.ValorantAiEvaluationFlowTest
18:45:25.852 [main] INFO org.springframework.boot.devtools.restart.RestartApplicationListener -- Restart disabled due to context in which it is running

  .   ____          _            __ _ _
 /\\ / ___'_ __ _ _(_)_ __  __ _ \ \ \ \
( ( )\___ | '_ | '_| | '_ \/ _` | \ \ \ \
 \\/  ___)| |_)| | | | | || (_| |  ) ) ) )
  '  |____| .__|_| |_|_| |_\__, | / / / /
 =========|_|==============|___/=/_/_/_/
 :: Spring Boot ::                (v3.2.0)

2026-03-25T18:45:26.552+09:00  INFO 41128 --- [gamematcher] [           main] c.g.s.v.ValorantAiEvaluationFlowTest     : Starting ValorantAiEvaluationFlowTest using Java 21.0.9 with PID 41128 (started by TJ-BU-702-P23 in D:\game-matching-platform)
2026-03-25T18:45:26.554+09:00  INFO 41128 --- [gamematcher] [           main] c.g.s.v.ValorantAiEvaluationFlowTest     : The following 2 profiles are active: "portone-local", "test"
2026-03-25T18:45:28.224+09:00  INFO 41128 --- [gamematcher] [           main] .s.d.r.c.RepositoryConfigurationDelegate : Bootstrapping Spring Data JPA repositories in DEFAULT mode.
2026-03-25T18:45:28.590+09:00  INFO 41128 --- [gamematcher] [           main] .s.d.r.c.RepositoryConfigurationDelegate : Finished Spring Data repository scanning in 356 ms. Found 73 JPA repository interfaces.
2026-03-25T18:45:31.060+09:00  INFO 41128 --- [gamematcher] [           main] o.hibernate.jpa.internal.util.LogHelper  : HHH000204: Processing PersistenceUnitInfo [name: default]
2026-03-25T18:45:31.177+09:00  INFO 41128 --- [gamematcher] [           main] org.hibernate.Version                    : HHH000412: Hibernate ORM core version 6.3.1.Final
2026-03-25T18:45:31.264+09:00  INFO 41128 --- [gamematcher] [           main] o.h.c.internal.RegionFactoryInitiator    : HHH000026: Second-level cache disabled
2026-03-25T18:45:31.489+09:00  INFO 41128 --- [gamematcher] [           main] o.s.o.j.p.SpringPersistenceUnitInfo      : No LoadTimeWeaver setup: ignoring JPA class transformer
2026-03-25T18:45:31.539+09:00  INFO 41128 --- [gamematcher] [           main] com.zaxxer.hikari.HikariDataSource       : HikariPool-1 - Starting...
2026-03-25T18:45:31.850+09:00  INFO 41128 --- [gamematcher] [           main] com.zaxxer.hikari.pool.HikariPool        : HikariPool-1 - Added connection conn0: url=jdbc:h2:mem:gamematcher_test user=SA
2026-03-25T18:45:31.853+09:00  INFO 41128 --- [gamematcher] [           main] com.zaxxer.hikari.HikariDataSource       : HikariPool-1 - Start completed.
2026-03-25T18:45:31.893+09:00  WARN 41128 --- [gamematcher] [           main] org.hibernate.orm.deprecation            : HHH90000025: H2Dialect does not need to be specified explicitly using 'hibernate.dialect' (remove the property setting and it will be selected by default)
2026-03-25T18:45:34.737+09:00  INFO 41128 --- [gamematcher] [           main] o.h.e.t.j.p.i.JtaPlatformInitiator       : HHH000489: No JTA platform available (set 'hibernate.transaction.jta.platform' to enable JTA platform integration)
2026-03-25T18:45:35.157+09:00  INFO 41128 --- [gamematcher] [           main] j.LocalContainerEntityManagerFactoryBean : Initialized JPA EntityManagerFactory for persistence unit 'default'
2026-03-25T18:45:35.931+09:00  INFO 41128 --- [gamematcher] [           main] o.s.d.j.r.query.QueryEnhancerFactory     : Hibernate is in classpath; If applicable, HQL parser will be used.
2026-03-25T18:45:37.918+09:00  INFO 41128 --- [gamematcher] [           main] c.g.service.search.ApexSearchService     : Apex Tracker API key loaded: present=true, length=36, masked=f353...4477
2026-03-25T18:45:40.657+09:00  WARN 41128 --- [gamematcher] [           main] JpaBaseConfiguration$JpaWebConfiguration : spring.jpa.open-in-view is enabled by default. Therefore, database queries may be performed during view rendering. Explicitly configure spring.jpa.open-in-view to disable this warning
2026-03-25T18:45:40.836+09:00  INFO 41128 --- [gamematcher] [           main] o.s.s.web.DefaultSecurityFilterChain     : Will secure any request with [org.springframework.security.web.session.DisableEncodeUrlFilter@6c7aff0d, org.springframework.security.web.context.request.async.WebAsyncManagerIntegrationFilter@7d9ad0a7, org.springframework.security.web.context.SecurityContextHolderFilter@5cee7c0d, org.springframework.security.web.header.HeaderWriterFilter@6f9d1e4d, org.springframework.web.filter.CorsFilter@1cac9b74, org.springframework.security.web.authentication.logout.LogoutFilter@7fa627ea, com.gamematcher.config.OAuth2KakaoNotConfiguredFilter@404dabf3, com.gamematcher.config.OAuth2NaverNotConfiguredFilter@670df518, com.gamematcher.config.OAuth2RedirectOriginFilter@231b1ae0, org.springframework.security.web.savedrequest.RequestCacheAwareFilter@423d5c81, org.springframework.security.web.servletapi.SecurityContextHolderAwareRequestFilter@4f11eec5, org.springframework.security.web.authentication.AnonymousAuthenticationFilter@44dcc583, org.springframework.security.web.access.ExceptionTranslationFilter@7a3c1ce2, org.springframework.security.web.access.intercept.AuthorizationFilter@42ea7366]
2026-03-25T18:45:41.275+09:00  INFO 41128 --- [gamematcher] [           main] o.s.b.a.w.s.WelcomePageHandlerMapping    : Adding welcome page: class path resource [static/index.html]
2026-03-25T18:45:41.854+09:00  INFO 41128 --- [gamematcher] [           main] o.s.b.a.h2.H2ConsoleAutoConfiguration    : H2 console available at '/h2-console'. Database available at 'jdbc:h2:mem:gamematcher_test'
2026-03-25T18:45:41.932+09:00  INFO 41128 --- [gamematcher] [           main] o.s.m.s.b.SimpleBrokerMessageHandler     : Starting...
2026-03-25T18:45:41.933+09:00  INFO 41128 --- [gamematcher] [           main] o.s.m.s.b.SimpleBrokerMessageHandler     : BrokerAvailabilityEvent[available=true, SimpleBrokerMessageHandler [org.springframework.messaging.simp.broker.DefaultSubscriptionRegistry@5d729a6f]]
2026-03-25T18:45:41.936+09:00  INFO 41128 --- [gamematcher] [           main] o.s.m.s.b.SimpleBrokerMessageHandler     : Started.
2026-03-25T18:45:41.943+09:00  INFO 41128 --- [gamematcher] [           main] c.g.s.v.ValorantAiEvaluationFlowTest     : Started ValorantAiEvaluationFlowTest in 16.109 seconds (process running for 17.615)
2026-03-25T18:45:44.784+09:00  INFO 41128 --- [gamematcher] [           main] c.g.s.v.ValorantAiEvaluationService      : 발로란트 AI 평가 완료: matchId=a96e686a-ee79-41e9-b557-f5e557ef085a, 저장된 평가=10
]]></system-out>
    <system-err><![CDATA[WARNING: A Java agent has been loaded dynamically (C:\Users\TJ-BU-702-P23\.m2\repository\net\bytebuddy\byte-buddy-agent\1.14.10\byte-buddy-agent-1.14.10.jar)
WARNING: If a serviceability tool is in use, please run with -XX:+EnableDynamicAgentLoading to hide this warning
WARNING: If a serviceability tool is not in use, please run with -Djdk.instrument.traceUsage for more information
WARNING: Dynamic loading of agents will be disallowed by default in a future release
]]></system-err>
  </testcase>
  <testcase name="fullPipeline_aiResponseToDtoToDb" classname="com.gamematcher.service.valorant.ValorantAiEvaluationFlowTest" time="0.766">
    <system-out><![CDATA[2026-03-25T18:45:45.486+09:00  INFO 41128 --- [gamematcher] [           main] c.g.s.v.ValorantAiEvaluationService      : 발로란트 AI 평가 완료: matchId=a96e686a-ee79-41e9-b557-f5e557ef085a, 저장된 평가=10
]]></system-out>
  </testcase>
  <testcase name="saveFromDto_storesDtoToDb" classname="com.gamematcher.service.valorant.ValorantAiEvaluationFlowTest" time="0.454"/>
  <testcase name="evaluateAndSave_whenLlmFails_savesRuleBasedScoreOnly" classname="com.gamematcher.service.valorant.ValorantAiEvaluationFlowTest" time="0.568">
    <system-out><![CDATA[2026-03-25T18:45:46.623+09:00  INFO 41128 --- [gamematcher] [           main] c.g.s.v.ValorantAiEvaluationService      : 발로란트 AI 평가 완료: matchId=a96e686a-ee79-41e9-b557-f5e557ef085a, 저장된 평가=10
]]></system-out>
  </testcase>
</testsuite>