<?xml version="1.0" encoding="UTF-8"?>
<testsuite xmlns:xsi="http://www.w3.org/2001/XMLSchema-instance" xsi:noNamespaceSchemaLocation="https://maven.apache.org/surefire/maven-surefire-plugin/xsd/surefire-test-report-3.0.xsd" version="3.0" name="com.gamematcher.service.valorant.ValorantLifetimeFlowTest" time="17.822" tests="2" errors="0" skipped="0" failures="0">
  <properties>
[...]
</properties>
  <testcase name="fullPipeline_parseAndSaveRecords_succeeds" classname="com.gamematcher.service.valorant.ValorantLifetimeFlowTest" time="1.505">
    <system-out><![CDATA[16:53:13.440 [main] INFO org.springframework.test.context.support.AnnotationConfigContextLoaderUtils -- Could not detect default configuration classes for test class [com.gamematcher.service.valorant.ValorantLifetimeFlowTest]: ValorantLifetimeFlowTest does not declare any static, non-private, non-final, nested classes annotated with @Configuration.
16:53:13.707 [main] INFO org.springframework.boot.test.context.SpringBootTestContextBootstrapper -- Found @SpringBootConfiguration com.gamematcher.GameMatcherApplication for test class com.gamematcher.service.valorant.ValorantLifetimeFlowTest
16:53:14.017 [main] INFO org.springframework.boot.devtools.restart.RestartApplicationListener -- Restart disabled due to context in which it is running

  .   ____          _            __ _ _
 /\\ / ___'_ __ _ _(_)_ __  __ _ \ \ \ \
( ( )\___ | '_ | '_| | '_ \/ _` | \ \ \ \
 \\/  ___)| |_)| | | | | || (_| |  ) ) ) )
  '  |____| .__|_| |_|_| |_\__, | / / / /
 =========|_|==============|___/=/_/_/_/
 :: Spring Boot ::                (v3.2.0)

2026-03-13T16:53:14.546+09:00  INFO 5940 --- [gamematcher] [           main] c.g.s.valorant.ValorantLifetimeFlowTest  : Starting ValorantLifetimeFlowTest using Java 21.0.9 with PID 5940 (started by TJ-BU-702-P23 in D:\GameMatcher)
2026-03-13T16:53:14.548+09:00  INFO 5940 --- [gamematcher] [           main] c.g.s.valorant.ValorantLifetimeFlowTest  : The following 1 profile is active: "lifetimeflow-test"
2026-03-13T16:53:17.738+09:00  INFO 5940 --- [gamematcher] [           main] .s.d.r.c.RepositoryConfigurationDelegate : Bootstrapping Spring Data JPA repositories in DEFAULT mode.
2026-03-13T16:53:18.008+09:00  INFO 5940 --- [gamematcher] [           main] .s.d.r.c.RepositoryConfigurationDelegate : Finished Spring Data repository scanning in 249 ms. Found 30 JPA repository interfaces.
2026-03-13T16:53:19.842+09:00  INFO 5940 --- [gamematcher] [           main] o.hibernate.jpa.internal.util.LogHelper  : HHH000204: Processing PersistenceUnitInfo [name: default]
2026-03-13T16:53:19.986+09:00  INFO 5940 --- [gamematcher] [           main] org.hibernate.Version                    : HHH000412: Hibernate ORM core version 6.3.1.Final
2026-03-13T16:53:20.102+09:00  INFO 5940 --- [gamematcher] [           main] o.h.c.internal.RegionFactoryInitiator    : HHH000026: Second-level cache disabled
2026-03-13T16:53:20.739+09:00  INFO 5940 --- [gamematcher] [           main] o.s.o.j.p.SpringPersistenceUnitInfo      : No LoadTimeWeaver setup: ignoring JPA class transformer
2026-03-13T16:53:20.823+09:00  INFO 5940 --- [gamematcher] [           main] com.zaxxer.hikari.HikariDataSource       : HikariPool-1 - Starting...
2026-03-13T16:53:21.341+09:00  INFO 5940 --- [gamematcher] [           main] com.zaxxer.hikari.pool.HikariPool        : HikariPool-1 - Added connection conn0: url=jdbc:h2:mem:lifetimeflow_test user=SA
2026-03-13T16:53:21.344+09:00  INFO 5940 --- [gamematcher] [           main] com.zaxxer.hikari.HikariDataSource       : HikariPool-1 - Start completed.
2026-03-13T16:53:21.384+09:00  WARN 5940 --- [gamematcher] [           main] org.hibernate.orm.deprecation            : HHH90000025: H2Dialect does not need to be specified explicitly using 'hibernate.dialect' (remove the property setting and it will be selected by default)
2026-03-13T16:53:24.220+09:00  INFO 5940 --- [gamematcher] [           main] o.h.e.t.j.p.i.JtaPlatformInitiator       : HHH000489: No JTA platform available (set 'hibernate.transaction.jta.platform' to enable JTA platform integration)
2026-03-13T16:53:24.498+09:00  INFO 5940 --- [gamematcher] [           main] j.LocalContainerEntityManagerFactoryBean : Initialized JPA EntityManagerFactory for persistence unit 'default'
2026-03-13T16:53:26.136+09:00  INFO 5940 --- [gamematcher] [           main] o.s.d.j.r.query.QueryEnhancerFactory     : Hibernate is in classpath; If applicable, HQL parser will be used.
2026-03-13T16:53:28.187+09:00  WARN 5940 --- [gamematcher] [           main] JpaBaseConfiguration$JpaWebConfiguration : spring.jpa.open-in-view is enabled by default. Therefore, database queries may be performed during view rendering. Explicitly configure spring.jpa.open-in-view to disable this warning
2026-03-13T16:53:28.232+09:00  INFO 5940 --- [gamematcher] [           main] o.s.b.a.w.s.WelcomePageHandlerMapping    : Adding welcome page: class path resource [static/index.html]
2026-03-13T16:53:28.958+09:00  INFO 5940 --- [gamematcher] [           main] o.s.b.a.h2.H2ConsoleAutoConfiguration    : H2 console available at '/h2-console'. Database available at 'jdbc:h2:mem:lifetimeflow_test'
2026-03-13T16:53:29.044+09:00  INFO 5940 --- [gamematcher] [           main] c.g.s.valorant.ValorantLifetimeFlowTest  : Started ValorantLifetimeFlowTest in 15.049 seconds (process running for 19.841)
]]></system-out>
    <system-err><![CDATA[WARNING: A Java agent has been loaded dynamically (C:\Users\TJ-BU-702-P23\.m2\repository\net\bytebuddy\byte-buddy-agent\1.14.10\byte-buddy-agent-1.14.10.jar)
WARNING: If a serviceability tool is in use, please run with -XX:+EnableDynamicAgentLoading to hide this warning
WARNING: If a serviceability tool is not in use, please run with -Djdk.instrument.traceUsage for more information
WARNING: Dynamic loading of agents will be disallowed by default in a future release
]]></system-err>
  </testcase>
  <testcase name="jsonToDtoToEntity_flow_succeeds" classname="com.gamematcher.service.valorant.ValorantLifetimeFlowTest" time="0.034"/>
</testsuite>